# Synopsys Constraint Checker, version maplat, Build 1612R, built Dec  5 2016
# Copyright (C) 1994-2016 Synopsys, Inc. All rights reserved. This Synopsys software and all associated documentation are proprietary to Synopsys, Inc. and may only be used pursuant to the terms and conditions of a written license agreement with Synopsys, Inc. All other use, reproduction, modification, or distribution of the Synopsys software or the associated documentation is strictly prohibited.

# Written on Sun Aug 25 21:31:22 2019


##### DESIGN INFO #######################################################

Top View:                "top"
Constraint File(s):      (none)




##### SUMMARY ############################################################

Found 0 issues in 0 out of 0 constraints


##### DETAILS ############################################################



Clock Relationships
*******************

Starting     Ending      |     rise to rise     |     fall to fall     |     rise to fall     |     fall to rise                     
------------------------------------------------------------------------------------------------------------------------------------
top|CLK      top|CLK     |     10.562           |     No paths         |     No paths         |     No paths                         
====================================================================================================================================
 Note: 'No paths' indicates there are no paths in the design for that pair of clock edges.
       'Diff grp' indicates that paths exist but the starting clock and ending clock are in different clock groups.


Unconstrained Start/End Points
******************************

p:LED
p:PIN_1
p:PIN_2
p:PIN_3
p:PIN_4
p:PIN_5
p:PIN_6
p:PIN_7
p:PIN_8
p:PIN_9
p:PIN_10
p:PIN_11
p:PIN_12
p:PIN_13
p:PIN_14
p:PIN_15
p:PIN_16
p:PIN_17
p:PIN_18
p:PIN_19
p:PIN_20
p:PIN_21
p:PIN_22
p:PIN_23
p:PIN_24
p:USBPU


Inapplicable constraints
************************

(none)


Applicable constraints with issues
**********************************

(none)


Constraints with matching wildcard expressions
**********************************************

(none)


Library Report
**************


# End of Constraint Checker Report
