* ******************************************************************************

* iCEcube Packer

* Version:            2017.08.27940

* Build Date:         Sep 12 2017 08:02:28

* File Generated:     Sep 12 2019 18:03:40

* Purpose:            General info of design implementation

* Copyright (C) 2006-2010 by Lattice Semiconductor Corp. All rights reserved.

* ******************************************************************************

Command Line: /media/external/iCEcube2/sbt_backend/bin/linux/opt/packer  /media/external/iCEcube2/sbt_backend/devices/ICE40P08.dev  /home/letrend/workspace/bldc_motorboard/software/icecube2_template/template_Implmnt/sbt/netlist/oadb-TinyFPGA_B  --package  CM81  --outdir  /home/letrend/workspace/bldc_motorboard/software/icecube2_template/template_Implmnt/sbt/outputs/packer  --translator  /media/external/iCEcube2/sbt_backend/bin/sdc_translator.tcl  --src_sdc_file  /home/letrend/workspace/bldc_motorboard/software/icecube2_template/template_Implmnt/sbt/outputs/placer/TinyFPGA_B_pl.sdc  --dst_sdc_file  /home/letrend/workspace/bldc_motorboard/software/icecube2_template/template_Implmnt/sbt/outputs/packer/TinyFPGA_B_pk.sdc  --devicename  iCE40LP8K  

***** Device Info *****
Chip: iCE40LP8K
Package: CM81
Size: 32 X 32

***** Design Utilization Info *****
Design: TinyFPGA_B
Used Logic Cell: 1376/7680
Used Logic Tile: 207/960
Used IO Cell:    6/256
Used Bram Cell For iCE40: 0/32
Used PLL For iCE40: 0/1
Ram Cascading Used: 0
Lut Cascading Used: 1

***** Clock Info *****
Clock Domain: CLK_c
Clock Source: CLK_pad_gb_input 
Clock Driver: CLK_pad_gb (ICE_GB)
Driver Position: (0, 17, 0)
Fanout to FF: 669
Fanout to Tile: 185


***** Placement Info *****
Logic cell utilization per tile
    . . . . + . . . . 1 . . . . + . . . . 2 . . . . + . . . . 3 . . . . 
   --------------------------------------------------------------------
33|                                                                     
32|   6 7 8 8 8 8 7 0 8 5 7 7 4 2 0 3 0 0 0 0 0 0 0 0 0 0 0 0 0 0 0 0   
31|   8 8 6 5 8 7 7 0 8 8 8 8 6 5 8 8 0 0 0 0 0 0 0 0 0 0 0 0 0 0 0 0   
30|   5 6 7 6 8 8 8 0 8 8 7 6 8 8 8 8 0 0 0 0 0 0 0 0 0 0 0 0 0 0 0 0   
29|   7 8 8 8 8 6 8 0 8 7 7 7 8 7 7 8 2 1 0 0 0 0 0 0 0 0 0 0 0 0 0 0   
28|   8 8 8 7 6 6 6 0 5 7 6 8 6 8 6 2 0 0 0 0 0 0 0 0 0 0 0 0 0 0 0 0   
27|   6 8 8 8 6 6 4 0 7 5 6 5 8 6 7 7 0 0 0 0 0 0 0 0 0 0 0 0 0 0 0 0   
26|   8 8 8 8 6 8 6 0 6 8 8 7 8 7 7 0 0 0 0 0 0 0 0 0 0 0 0 0 0 0 0 0   
25|   6 8 8 8 8 6 7 0 8 4 7 8 8 7 3 0 0 0 0 0 0 0 0 0 0 0 0 0 0 0 0 0   
24|   8 8 7 6 7 7 5 0 7 8 8 8 7 6 0 0 0 0 0 0 0 0 0 0 0 0 0 0 0 0 0 0   
23|   8 6 7 8 8 6 6 0 7 7 7 7 6 7 1 0 0 0 0 0 0 0 0 0 0 0 0 0 0 0 0 0   
22|   8 8 8 8 6 8 7 0 4 6 7 3 7 3 0 0 0 0 0 0 0 0 0 0 0 0 0 0 0 0 0 0   
21|   7 8 8 8 7 7 7 0 8 4 2 0 2 0 0 0 0 0 0 0 0 0 0 0 0 0 0 0 0 0 0 0   
20|   6 8 8 7 8 8 8 0 6 4 7 0 0 0 0 0 0 0 0 0 0 0 0 0 0 0 0 0 0 0 0 0   
19|   7 8 8 7 8 6 7 0 1 1 0 1 0 0 0 0 0 0 0 0 0 0 0 0 0 0 0 0 0 0 0 0   
18|   7 6 8 7 8 5 7 0 1 0 0 0 0 0 0 0 0 0 0 0 0 0 0 0 0 0 0 0 0 0 0 0   
17|   8 7 7 8 7 8 7 0 0 0 0 0 0 0 0 0 0 0 0 0 0 0 0 0 0 0 0 0 0 0 0 0   
16|   0 0 0 0 2 2 0 0 0 0 0 0 0 0 0 0 0 0 0 0 0 0 0 0 0 0 0 0 0 0 0 0   
15|   0 0 0 0 0 0 0 0 0 0 0 0 0 0 0 0 0 0 0 0 0 0 0 0 0 0 0 0 0 0 0 0   
14|   0 0 0 0 0 0 0 0 0 0 0 0 0 0 0 0 0 0 0 0 0 0 0 0 0 0 0 0 0 0 0 0   
13|   0 0 0 0 0 0 0 0 0 0 0 0 0 0 0 0 0 0 0 0 0 0 0 0 0 0 0 0 0 0 0 0   
12|   0 0 0 0 0 0 0 0 0 0 0 0 0 0 0 0 0 0 0 0 0 0 0 0 0 0 0 0 0 0 0 0   
11|   0 0 0 0 0 0 0 0 0 0 0 0 0 0 0 0 0 0 0 0 0 0 0 0 0 0 0 0 0 0 0 0   
10|   0 0 0 0 0 0 0 0 0 0 0 0 0 0 0 0 0 0 0 0 0 0 0 0 0 0 0 0 0 0 0 0   
 9|   0 0 0 0 0 0 0 0 0 0 0 0 0 0 0 0 0 0 0 0 0 0 0 0 0 0 0 0 0 0 0 0   
 8|   0 0 0 0 0 0 0 0 0 0 0 0 0 0 0 0 0 0 0 0 0 0 0 0 0 0 0 0 0 0 0 0   
 7|   0 0 0 0 0 0 0 0 0 0 0 0 0 0 0 0 0 0 0 0 0 0 0 0 0 0 0 0 0 0 0 0   
 6|   0 0 0 0 0 0 0 0 0 0 0 0 0 0 0 0 0 0 0 0 0 0 0 0 0 0 0 0 0 0 0 0   
 5|   0 0 0 0 0 0 0 0 0 0 0 0 0 0 0 0 0 0 0 0 0 0 0 0 0 0 0 0 0 0 0 0   
 4|   0 0 0 0 0 0 0 0 0 0 0 0 0 0 0 0 0 0 0 0 0 0 0 0 0 0 0 0 0 0 0 0   
 3|   0 0 0 0 0 0 0 0 0 0 0 0 0 0 0 0 0 0 0 0 0 0 0 0 0 0 0 0 0 0 0 0   
 2|   0 0 0 0 0 0 0 0 0 0 0 0 0 0 0 0 0 0 0 0 0 0 0 0 0 0 0 0 0 0 0 0   
 1|   0 0 0 0 0 0 0 0 0 0 0 0 0 0 0 0 0 0 0 0 0 0 0 0 0 0 0 0 0 0 0 0   
 0|                                                                     

Maximum number of Logic cells per logic tile: 8
Average number of Logic cells per logic tile: 6.65

***** Input Pin Density Info *****
Number of input nets per logic tile
     .  .  .  .  +  .  .  .  .  1  .  .  .  .  +  .  .  .  .  2  .  .  .  .  +  .  .  .  .  3  .  .  .  . 
   ------------------------------------------------------------------------------------------------------
33|                                                                                                       
32|    14 16 17 16 16 22 11  0 24  8 17 15 12  7  0  8  0  0  0  0  0  0  0  0  0  0  0  0  0  0  0  0    
31|    17 19 17  9 16 16 16  0 24 15 21 21 20 18 16 16  0  0  0  0  0  0  0  0  0  0  0  0  0  0  0  0    
30|    17 20 18 20 16 17 17  0 24 19 11 16 19 22 21 16  0  0  0  0  0  0  0  0  0  0  0  0  0  0  0  0    
29|    22 20 20 21 16 20 15  0 23 15 17 19 21 20 19 16  5  4  0  0  0  0  0  0  0  0  0  0  0  0  0  0    
28|    18 19 18 16 15 20 15  0 14 20 15 15 10 20 17  6  0  0  0  0  0  0  0  0  0  0  0  0  0  0  0  0    
27|    20 15 16 16 17 14  9  0 17 12 17 15 21 19 17 19  0  0  0  0  0  0  0  0  0  0  0  0  0  0  0  0    
26|    17 17 19 16 17 19 16  0 17 18 22 15 16 19 19  0  0  0  0  0  0  0  0  0  0  0  0  0  0  0  0  0    
25|    20 15 18 20 18 14 18  0 19 12 19 19 20 16  5  0  0  0  0  0  0  0  0  0  0  0  0  0  0  0  0  0    
24|    21 20 19 19 22 19 15  0 18 20 20 17 18 16  0  0  0  0  0  0  0  0  0  0  0  0  0  0  0  0  0  0    
23|    18 20 21 22 22 20 20  0 15 20 18 18 18 20  4  0  0  0  0  0  0  0  0  0  0  0  0  0  0  0  0  0    
22|    16 17 17 20 20 21 22  0 11 15 19  8 21  8  0  0  0  0  0  0  0  0  0  0  0  0  0  0  0  0  0  0    
21|    16 20 18 17 20 22 19  0 16  9  5  0  5  0  0  0  0  0  0  0  0  0  0  0  0  0  0  0  0  0  0  0    
20|    17 20 22 20 20 22 18  0 13 10  9  0  0  0  0  0  0  0  0  0  0  0  0  0  0  0  0  0  0  0  0  0    
19|    20 22 20 21 22 20 17  0  4  3  0  3  0  0  0  0  0  0  0  0  0  0  0  0  0  0  0  0  0  0  0  0    
18|    21 19 20 20 22 16 16  0  3  0  0  0  0  0  0  0  0  0  0  0  0  0  0  0  0  0  0  0  0  0  0  0    
17|    16 18 15 21 12 19 15  0  0  0  0  0  0  0  0  0  0  0  0  0  0  0  0  0  0  0  0  0  0  0  0  0    
16|     0  0  0  0  4  5  0  0  0  0  0  0  0  0  0  0  0  0  0  0  0  0  0  0  0  0  0  0  0  0  0  0    
15|     0  0  0  0  0  0  0  0  0  0  0  0  0  0  0  0  0  0  0  0  0  0  0  0  0  0  0  0  0  0  0  0    
14|     0  0  0  0  0  0  0  0  0  0  0  0  0  0  0  0  0  0  0  0  0  0  0  0  0  0  0  0  0  0  0  0    
13|     0  0  0  0  0  0  0  0  0  0  0  0  0  0  0  0  0  0  0  0  0  0  0  0  0  0  0  0  0  0  0  0    
12|     0  0  0  0  0  0  0  0  0  0  0  0  0  0  0  0  0  0  0  0  0  0  0  0  0  0  0  0  0  0  0  0    
11|     0  0  0  0  0  0  0  0  0  0  0  0  0  0  0  0  0  0  0  0  0  0  0  0  0  0  0  0  0  0  0  0    
10|     0  0  0  0  0  0  0  0  0  0  0  0  0  0  0  0  0  0  0  0  0  0  0  0  0  0  0  0  0  0  0  0    
 9|     0  0  0  0  0  0  0  0  0  0  0  0  0  0  0  0  0  0  0  0  0  0  0  0  0  0  0  0  0  0  0  0    
 8|     0  0  0  0  0  0  0  0  0  0  0  0  0  0  0  0  0  0  0  0  0  0  0  0  0  0  0  0  0  0  0  0    
 7|     0  0  0  0  0  0  0  0  0  0  0  0  0  0  0  0  0  0  0  0  0  0  0  0  0  0  0  0  0  0  0  0    
 6|     0  0  0  0  0  0  0  0  0  0  0  0  0  0  0  0  0  0  0  0  0  0  0  0  0  0  0  0  0  0  0  0    
 5|     0  0  0  0  0  0  0  0  0  0  0  0  0  0  0  0  0  0  0  0  0  0  0  0  0  0  0  0  0  0  0  0    
 4|     0  0  0  0  0  0  0  0  0  0  0  0  0  0  0  0  0  0  0  0  0  0  0  0  0  0  0  0  0  0  0  0    
 3|     0  0  0  0  0  0  0  0  0  0  0  0  0  0  0  0  0  0  0  0  0  0  0  0  0  0  0  0  0  0  0  0    
 2|     0  0  0  0  0  0  0  0  0  0  0  0  0  0  0  0  0  0  0  0  0  0  0  0  0  0  0  0  0  0  0  0    
 1|     0  0  0  0  0  0  0  0  0  0  0  0  0  0  0  0  0  0  0  0  0  0  0  0  0  0  0  0  0  0  0  0    
 0|                                                                                                       

Maximum number of input nets per logic tile: 24
Average number of input nets per logic tile: 16.71

Number of input pins per logic tile
     .  .  .  .  +  .  .  .  .  1  .  .  .  .  +  .  .  .  .  2  .  .  .  .  +  .  .  .  .  3  .  .  .  . 
   ------------------------------------------------------------------------------------------------------
33|                                                                                                       
32|    20 25 25 27 16 29 21  0 24 15 26 28 14  7  0  8  0  0  0  0  0  0  0  0  0  0  0  0  0  0  0  0    
31|    18 30 21  9 16 25 23  0 24 24 25 28 23 18 25 16  0  0  0  0  0  0  0  0  0  0  0  0  0  0  0  0    
30|    20 24 26 24 16 18 27  0 24 24 21 20 24 28 27 16  0  0  0  0  0  0  0  0  0  0  0  0  0  0  0  0    
29|    28 28 26 25 16 20 24  0 23 23 21 24 30 21 24 16  6  4  0  0  0  0  0  0  0  0  0  0  0  0  0  0    
28|    28 25 26 21 19 24 21  0 15 23 19 25 14 23 20  6  0  0  0  0  0  0  0  0  0  0  0  0  0  0  0  0    
27|    24 24 24 24 22 18 12  0 22 15 19 17 27 20 22 22  0  0  0  0  0  0  0  0  0  0  0  0  0  0  0  0    
26|    24 25 25 24 19 22 20  0 22 28 26 22 16 23 25  0  0  0  0  0  0  0  0  0  0  0  0  0  0  0  0  0    
25|    24 24 25 26 24 18 22  0 26 13 22 22 27 21  7  0  0  0  0  0  0  0  0  0  0  0  0  0  0  0  0  0    
24|    28 26 22 21 26 20 16  0 24 25 27 17 26 19  0  0  0  0  0  0  0  0  0  0  0  0  0  0  0  0  0  0    
23|    26 24 22 28 26 23 24  0 23 24 24 25 20 27  4  0  0  0  0  0  0  0  0  0  0  0  0  0  0  0  0  0    
22|    16 26 22 27 22 29 26  0 13 18 22 10 27  9  0  0  0  0  0  0  0  0  0  0  0  0  0  0  0  0  0  0    
21|    20 32 26 22 26 25 22  0 20 11  6  0  6  0  0  0  0  0  0  0  0  0  0  0  0  0  0  0  0  0  0  0    
20|    22 27 30 26 29 29 25  0 19 12 21  0  0  0  0  0  0  0  0  0  0  0  0  0  0  0  0  0  0  0  0  0    
19|    22 29 28 26 29 20 23  0  4  3  0  3  0  0  0  0  0  0  0  0  0  0  0  0  0  0  0  0  0  0  0  0    
18|    24 21 28 25 28 17 22  0  3  0  0  0  0  0  0  0  0  0  0  0  0  0  0  0  0  0  0  0  0  0  0  0    
17|    24 24 17 26 21 26 21  0  0  0  0  0  0  0  0  0  0  0  0  0  0  0  0  0  0  0  0  0  0  0  0  0    
16|     0  0  0  0  6  6  0  0  0  0  0  0  0  0  0  0  0  0  0  0  0  0  0  0  0  0  0  0  0  0  0  0    
15|     0  0  0  0  0  0  0  0  0  0  0  0  0  0  0  0  0  0  0  0  0  0  0  0  0  0  0  0  0  0  0  0    
14|     0  0  0  0  0  0  0  0  0  0  0  0  0  0  0  0  0  0  0  0  0  0  0  0  0  0  0  0  0  0  0  0    
13|     0  0  0  0  0  0  0  0  0  0  0  0  0  0  0  0  0  0  0  0  0  0  0  0  0  0  0  0  0  0  0  0    
12|     0  0  0  0  0  0  0  0  0  0  0  0  0  0  0  0  0  0  0  0  0  0  0  0  0  0  0  0  0  0  0  0    
11|     0  0  0  0  0  0  0  0  0  0  0  0  0  0  0  0  0  0  0  0  0  0  0  0  0  0  0  0  0  0  0  0    
10|     0  0  0  0  0  0  0  0  0  0  0  0  0  0  0  0  0  0  0  0  0  0  0  0  0  0  0  0  0  0  0  0    
 9|     0  0  0  0  0  0  0  0  0  0  0  0  0  0  0  0  0  0  0  0  0  0  0  0  0  0  0  0  0  0  0  0    
 8|     0  0  0  0  0  0  0  0  0  0  0  0  0  0  0  0  0  0  0  0  0  0  0  0  0  0  0  0  0  0  0  0    
 7|     0  0  0  0  0  0  0  0  0  0  0  0  0  0  0  0  0  0  0  0  0  0  0  0  0  0  0  0  0  0  0  0    
 6|     0  0  0  0  0  0  0  0  0  0  0  0  0  0  0  0  0  0  0  0  0  0  0  0  0  0  0  0  0  0  0  0    
 5|     0  0  0  0  0  0  0  0  0  0  0  0  0  0  0  0  0  0  0  0  0  0  0  0  0  0  0  0  0  0  0  0    
 4|     0  0  0  0  0  0  0  0  0  0  0  0  0  0  0  0  0  0  0  0  0  0  0  0  0  0  0  0  0  0  0  0    
 3|     0  0  0  0  0  0  0  0  0  0  0  0  0  0  0  0  0  0  0  0  0  0  0  0  0  0  0  0  0  0  0  0    
 2|     0  0  0  0  0  0  0  0  0  0  0  0  0  0  0  0  0  0  0  0  0  0  0  0  0  0  0  0  0  0  0  0    
 1|     0  0  0  0  0  0  0  0  0  0  0  0  0  0  0  0  0  0  0  0  0  0  0  0  0  0  0  0  0  0  0  0    
 0|                                                                                                       

Maximum number of input pins per logic tile: 32
Average number of input pins per logic tile: 21.34

***** Run Time Info *****
Run Time:  1
