Synopsys HDL Compiler, version comp2016q3p1, Build 141R, built Dec  5 2016
@N|Running in 64-bit mode
Copyright (C) 1994-2016 Synopsys, Inc. All rights reserved. This Synopsys software and all associated documentation are proprietary to Synopsys, Inc. and may only be used pursuant to the terms and conditions of a written license agreement with Synopsys, Inc. All other use, reproduction, modification, or distribution of the Synopsys software or the associated documentation is strictly prohibited.

Synopsys Verilog Compiler, version comp2016q3p1, Build 141R, built Dec  5 2016
@N|Running in 64-bit mode
Copyright (C) 1994-2016 Synopsys, Inc. All rights reserved. This Synopsys software and all associated documentation are proprietary to Synopsys, Inc. and may only be used pursuant to the terms and conditions of a written license agreement with Synopsys, Inc. All other use, reproduction, modification, or distribution of the Synopsys software or the associated documentation is strictly prohibited.

Running on host :base
@I::"/home/letrend/lscc/iCEcube2.2017.08/synpbase/lib/generic/sb_ice40.v" (library work)
@I::"/home/letrend/lscc/iCEcube2.2017.08/synpbase/lib/vlog/hypermods.v" (library __hyper__lib__)
@I::"/home/letrend/lscc/iCEcube2.2017.08/synpbase/lib/vlog/umr_capim.v" (library snps_haps)
@I::"/home/letrend/lscc/iCEcube2.2017.08/synpbase/lib/vlog/scemi_objects.v" (library snps_haps)
@I::"/home/letrend/lscc/iCEcube2.2017.08/synpbase/lib/vlog/scemi_pipes.svh" (library snps_haps)
@I::"/home/letrend/workspace/bldc_motorboard/software/icecube2_template/verilog/TinyFPGA_B.v" (library work)
@I::"/home/letrend/workspace/bldc_motorboard/software/icecube2_template/roboy_fpga_code/roboy_fpga_code/uart/uart_rx.v" (library work)
@I::"/home/letrend/workspace/bldc_motorboard/software/icecube2_template/roboy_fpga_code/roboy_fpga_code/uart/uart_tx.v" (library work)
@I::"/home/letrend/workspace/bldc_motorboard/software/icecube2_template/quad.v" (library work)
Verilog syntax check successful!
Selecting top level module quad
@N: CG364 :"/home/letrend/workspace/bldc_motorboard/software/icecube2_template/quad.v":3:7:3:10|Synthesizing module quad in library work.


At c_ver Exit (Real Time elapsed 0h:00m:00s; CPU Time elapsed 0h:00m:00s; Memory used current: 71MB peak: 73MB)

Process took 0h:00m:01s realtime, 0h:00m:01s cputime

Process completed successfully.
# Sun Aug 25 18:21:47 2019

###########################################################]
@END

At c_hdl Exit (Real Time elapsed 0h:00m:00s; CPU Time elapsed 0h:00m:00s; Memory used current: 4MB peak: 5MB)

Process took 0h:00m:01s realtime, 0h:00m:01s cputime

Process completed successfully.
# Sun Aug 25 18:21:47 2019

###########################################################]
