* ******************************************************************************

* iCEcube Packer

* Version:            2017.08.27940

* Build Date:         Sep 12 2017 08:02:28

* File Generated:     Sep 16 2019 20:27:28

* Purpose:            General info of design implementation

* Copyright (C) 2006-2010 by Lattice Semiconductor Corp. All rights reserved.

* ******************************************************************************

Command Line: /home/letrend/lscc/iCEcube2.2017.08/sbt_backend/bin/linux/opt/packer  /home/letrend/lscc/iCEcube2.2017.08/sbt_backend/devices/ICE40P08.dev  /home/letrend/workspace/bldc_motorboard/software/motorBoard_v0.1/template_Implmnt/sbt/netlist/oadb-TinyFPGA_B  --package  CM81  --outdir  /home/letrend/workspace/bldc_motorboard/software/motorBoard_v0.1/template_Implmnt/sbt/outputs/packer  --translator  /home/letrend/lscc/iCEcube2.2017.08/sbt_backend/bin/sdc_translator.tcl  --src_sdc_file  /home/letrend/workspace/bldc_motorboard/software/motorBoard_v0.1/template_Implmnt/sbt/outputs/placer/TinyFPGA_B_pl.sdc  --dst_sdc_file  /home/letrend/workspace/bldc_motorboard/software/motorBoard_v0.1/template_Implmnt/sbt/outputs/packer/TinyFPGA_B_pk.sdc  --devicename  iCE40LP8K  

***** Device Info *****
Chip: iCE40LP8K
Package: CM81
Size: 32 X 32

***** Design Utilization Info *****
Design: TinyFPGA_B
Used Logic Cell: 2163/7680
Used Logic Tile: 380/960
Used IO Cell:    18/256
Used Bram Cell For iCE40: 0/32
Used PLL For iCE40: 0/1
Ram Cascading Used: 0
Lut Cascading Used: 1

***** Clock Info *****
Clock Domain: CLK_c
Clock Source: CLK_pad_gb_input 
Clock Driver: CLK_pad_gb (ICE_GB)
Driver Position: (0, 17, 0)
Fanout to FF: 635
Fanout to Tile: 264


***** Placement Info *****
Logic cell utilization per tile
    . . . . + . . . . 1 . . . . + . . . . 2 . . . . + . . . . 3 . . . . 
   --------------------------------------------------------------------
33|                                                                     
32|   0 0 0 0 0 0 0 0 0 0 0 0 0 0 0 0 1 0 2 0 0 0 0 0 0 0 0 0 0 0 0 0   
31|   0 0 0 0 0 0 0 0 0 0 0 0 0 0 0 0 0 1 8 0 0 0 0 0 0 0 0 0 0 0 0 0   
30|   0 0 0 0 0 0 0 0 0 0 0 0 0 0 0 0 0 1 8 0 0 0 0 0 0 0 0 0 0 0 0 0   
29|   0 0 0 0 0 0 0 0 0 0 0 0 0 0 0 0 0 1 8 0 0 0 0 0 0 0 0 0 0 0 0 0   
28|   0 0 0 0 0 0 0 0 0 0 0 0 1 1 0 0 0 1 8 0 0 0 0 0 0 0 0 0 0 0 0 0   
27|   0 0 0 0 0 0 0 0 1 0 1 0 1 1 1 0 1 2 8 0 0 0 0 0 0 0 0 0 0 0 0 0   
26|   0 0 0 0 0 0 0 0 1 1 8 1 1 1 1 0 1 5 8 0 0 0 0 0 0 0 0 0 0 0 0 0   
25|   0 0 0 0 0 0 1 0 1 1 8 1 7 5 1 1 3 4 8 1 1 0 0 0 0 0 0 0 0 0 0 0   
24|   0 0 0 0 0 0 1 0 1 1 8 5 8 4 3 1 6 8 8 6 6 7 8 0 0 0 0 0 0 0 0 0   
23|   0 0 0 0 0 0 0 0 5 7 5 8 6 6 6 5 5 8 8 6 6 7 5 4 0 1 0 0 0 0 0 0   
22|   0 0 0 0 0 0 1 0 1 4 5 7 3 8 6 8 8 7 8 8 8 8 7 2 0 0 0 0 0 0 0 0   
21|   0 0 0 0 0 1 5 0 8 7 7 7 7 4 7 7 6 6 8 8 8 8 7 6 0 5 0 0 0 0 0 0   
20|   0 0 0 0 0 0 1 0 6 8 7 7 8 6 8 6 6 7 8 7 7 7 6 7 0 2 0 0 0 0 0 0   
19|   0 0 0 0 0 0 3 0 7 6 7 8 8 7 8 7 8 8 8 8 7 8 8 7 0 5 0 0 0 0 0 0   
18|   0 0 0 0 8 1 4 0 6 6 6 8 6 5 7 5 8 7 8 8 8 7 7 7 0 0 0 0 0 0 0 0   
17|   0 0 0 0 8 1 3 0 1 6 8 8 7 8 8 7 6 6 8 8 8 8 7 5 0 0 0 0 0 0 0 0   
16|   0 0 1 2 6 3 5 0 8 6 6 8 8 7 7 8 6 7 8 7 6 7 5 8 0 1 0 0 0 0 0 0   
15|   0 0 0 0 0 1 4 0 5 7 7 8 8 5 7 8 3 8 8 7 7 7 8 6 0 0 0 0 0 0 0 0   
14|   0 0 0 0 4 8 7 0 7 8 7 8 6 8 7 8 6 8 8 8 8 8 7 6 0 0 0 0 0 0 0 0   
13|   0 0 0 1 4 8 1 0 8 7 6 7 8 7 7 3 8 6 8 8 7 7 8 3 0 0 0 0 0 0 0 0   
12|   0 0 0 1 1 5 6 0 6 7 6 7 6 8 7 5 7 7 8 7 8 8 7 8 0 0 0 0 0 0 0 0   
11|   0 0 0 0 5 8 1 0 3 1 6 7 7 8 6 8 7 7 8 7 8 8 8 8 0 0 0 0 0 0 0 0   
10|   0 0 0 0 1 8 0 0 1 3 6 6 6 8 4 3 8 7 8 7 7 8 8 8 0 0 0 0 0 0 0 0   
 9|   0 0 0 0 0 0 0 0 1 2 5 7 7 8 3 5 8 6 8 7 8 8 8 4 0 0 0 0 0 0 0 0   
 8|   0 0 0 0 0 0 0 0 8 2 4 3 5 5 1 6 8 8 8 8 8 7 2 0 0 0 0 0 0 0 0 0   
 7|   0 0 0 0 0 0 0 0 8 6 1 1 0 0 0 0 7 3 8 8 6 1 1 0 0 0 0 0 0 0 0 0   
 6|   0 0 0 0 0 0 0 0 0 2 0 0 0 0 0 1 1 3 8 0 1 0 0 0 0 0 0 0 0 0 0 0   
 5|   0 0 0 0 0 0 0 0 0 0 0 0 0 0 0 0 1 0 8 0 0 0 0 0 0 0 0 0 0 0 0 0   
 4|   1 0 0 0 0 0 0 0 0 0 0 0 0 0 0 0 0 0 8 0 0 0 0 0 0 0 0 0 0 0 0 0   
 3|   0 0 0 0 0 0 0 0 0 0 0 0 0 0 0 0 0 0 8 1 0 0 0 0 0 0 0 0 0 0 0 0   
 2|   0 0 0 0 0 0 0 0 0 0 0 0 0 0 0 0 0 0 8 0 0 0 0 0 0 0 0 0 0 0 0 0   
 1|   0 0 0 0 0 0 0 0 0 0 0 0 0 0 0 0 0 7 8 0 0 0 0 0 0 0 0 0 0 0 0 0   
 0|                                                                     

Maximum number of Logic cells per logic tile: 8
Average number of Logic cells per logic tile: 5.69

***** Input Pin Density Info *****
Number of input nets per logic tile
     .  .  .  .  +  .  .  .  .  1  .  .  .  .  +  .  .  .  .  2  .  .  .  .  +  .  .  .  .  3  .  .  .  . 
   ------------------------------------------------------------------------------------------------------
33|                                                                                                       
32|     0  0  0  0  0  0  0  0  0  0  0  0  0  0  0  0  2  0  4  0  0  0  0  0  0  0  0  0  0  0  0  0    
31|     0  0  0  0  0  0  0  0  0  0  0  0  0  0  0  0  0  2  4  0  0  0  0  0  0  0  0  0  0  0  0  0    
30|     0  0  0  0  0  0  0  0  0  0  0  0  0  0  0  0  0  2  4  0  0  0  0  0  0  0  0  0  0  0  0  0    
29|     0  0  0  0  0  0  0  0  0  0  0  0  0  0  0  0  0  2  4  0  0  0  0  0  0  0  0  0  0  0  0  0    
28|     0  0  0  0  0  0  0  0  0  0  0  0  2  2  0  0  0  2  4  0  0  0  0  0  0  0  0  0  0  0  0  0    
27|     0  0  0  0  0  0  0  0  2  0  2  0  2  2  2  0  3  6  4  0  0  0  0  0  0  0  0  0  0  0  0  0    
26|     0  0  0  0  0  0  0  0  2  2 16  2  2  2  4  0  4 14  4  0  0  0  0  0  0  0  0  0  0  0  0  0    
25|     0  0  0  0  0  0  2  0  4  2 21  2 16 16  2  2  9 11  4  2  4  0  0  0  0  0  0  0  0  0  0  0    
24|     0  0  0  0  0  0  2  0  2  2 17  9 20 14 12  4 10 19  4 22 22 19 22  0  0  0  0  0  0  0  0  0    
23|     0  0  0  0  0  0  0  0  8 16 15 20 15 16 15 14 16 16  4 21 22 21 19 14  0  2  0  0  0  0  0  0    
22|     0  0  0  0  0  0  2  0  2 12 16 20 10 21 11 19 22 17  4 21 21 22 21  5  0  0  0  0  0  0  0  0    
21|     0  0  0  0  0  4 16  0 16 20 18 20 19 14 19 21 20 19  4 22 22 20 22 18  0 17  0  0  0  0  0  0    
20|     0  0  0  0  0  0  4  0 17 17 22 20 20 17 19 22 18 21  4 22 21 22 21 14  0  7  0  0  0  0  0  0    
19|     0  0  0  0  0  0  9  0 20 17 19 21 20 20 21 20 20 21  4 22 20 20 22 21  0 16  0  0  0  0  0  0    
18|     0  0  0  0 16  2 11  0 18 19 18 17 17 14 20 14 20 21  4 20 22 18 20 20  0  0  0  0  0  0  0  0    
17|     0  0  0  0 16  4 11  0  2 16 21 17 18 21 22 20 19 22  4 21 20 22 17 15  0  0  0  0  0  0  0  0    
16|     0  0  1  3 22  6 12  0 17 21 14 17 19 18 20 21 18 22  4 22 20 21 18 20  0  2  0  0  0  0  0  0    
15|     0  0  0  0  0  2 15  0 17 19 19 16 18 19 22 21  9 21  4 22 21 16 22 17  0  0  0  0  0  0  0  0    
14|     0  0  0  0 15 16 18  0 20 21 20 19 16 21 20 15 13 18  4 20 20 21 22 16  0  0  0  0  0  0  0  0    
13|     0  0  0  1 12 16  4  0 21 19 19 21 22 19 20  9 22 21  4 19 19 22 21 10  0  0  0  0  0  0  0  0    
12|     0  0  0  1  2 17 14  0 15 19 17 20 20 17 19 16 18 22  4 22 22 21 19 18  0  0  0  0  0  0  0  0    
11|     0  0  0  0 19 16  4  0  9  3 16 18 21 17 16 17 20 18  4 22 21 22 22 19  0  0  0  0  0  0  0  0    
10|     0  0  0  0  4 16  0  0  1  4 15 18 19 17 14  8 20 19  4 22 19 21 20 16  0  0  0  0  0  0  0  0    
 9|     0  0  0  0  0  0  0  0  3  2 15 17 19 16  8 16 22 18  4 19 18 22 20 15  0  0  0  0  0  0  0  0    
 8|     0  0  0  0  0  0  0  0 16  8 13  9 19 11  3 18 18 17  4 20 20 16  6  0  0  0  0  0  0  0  0  0    
 7|     0  0  0  0  0  0  0  0 16 19  2  2  0  0  0  0 22 12  4 19 16  4  3  0  0  0  0  0  0  0  0  0    
 6|     0  0  0  0  0  0  0  0  0  2  0  0  0  0  0  3  3  9  4  0  2  0  0  0  0  0  0  0  0  0  0  0    
 5|     0  0  0  0  0  0  0  0  0  0  0  0  0  0  0  0  2  0  4  0  0  0  0  0  0  0  0  0  0  0  0  0    
 4|     1  0  0  0  0  0  0  0  0  0  0  0  0  0  0  0  0  0  4  0  0  0  0  0  0  0  0  0  0  0  0  0    
 3|     0  0  0  0  0  0  0  0  0  0  0  0  0  0  0  0  0  0  4  2  0  0  0  0  0  0  0  0  0  0  0  0    
 2|     0  0  0  0  0  0  0  0  0  0  0  0  0  0  0  0  0  0  4  0  0  0  0  0  0  0  0  0  0  0  0  0    
 1|     0  0  0  0  0  0  0  0  0  0  0  0  0  0  0  0  0 16  4  0  0  0  0  0  0  0  0  0  0  0  0  0    
 0|                                                                                                       

Maximum number of input nets per logic tile: 22
Average number of input nets per logic tile: 13.92

Number of input pins per logic tile
     .  .  .  .  +  .  .  .  .  1  .  .  .  .  +  .  .  .  .  2  .  .  .  .  +  .  .  .  .  3  .  .  .  . 
   ------------------------------------------------------------------------------------------------------
33|                                                                                                       
32|     0  0  0  0  0  0  0  0  0  0  0  0  0  0  0  0  2  0  4  0  0  0  0  0  0  0  0  0  0  0  0  0    
31|     0  0  0  0  0  0  0  0  0  0  0  0  0  0  0  0  0  2 10  0  0  0  0  0  0  0  0  0  0  0  0  0    
30|     0  0  0  0  0  0  0  0  0  0  0  0  0  0  0  0  0  2 10  0  0  0  0  0  0  0  0  0  0  0  0  0    
29|     0  0  0  0  0  0  0  0  0  0  0  0  0  0  0  0  0  2 10  0  0  0  0  0  0  0  0  0  0  0  0  0    
28|     0  0  0  0  0  0  0  0  0  0  0  0  2  2  0  0  0  2 10  0  0  0  0  0  0  0  0  0  0  0  0  0    
27|     0  0  0  0  0  0  0  0  2  0  2  0  2  2  2  0  3  6 10  0  0  0  0  0  0  0  0  0  0  0  0  0    
26|     0  0  0  0  0  0  0  0  2  2 16  2  2  2  4  0  4 16 10  0  0  0  0  0  0  0  0  0  0  0  0  0    
25|     0  0  0  0  0  0  2  0  4  2 29  2 20 16  2  2  9 12 10  2  4  0  0  0  0  0  0  0  0  0  0  0    
24|     0  0  0  0  0  0  2  0  2  2 23 12 28 14 12  4 14 28 10 22 23 26 27  0  0  0  0  0  0  0  0  0    
23|     0  0  0  0  0  0  0  0 18 26 16 28 22 21 22 16 19 20 10 23 23 23 19 15  0  2  0  0  0  0  0  0    
22|     0  0  0  0  0  0  2  0  2 14 16 22 10 29 12 31 30 24 10 29 26 27 25  5  0  0  0  0  0  0  0  0    
21|     0  0  0  0  0  4 16  0 16 24 26 28 25 14 22 28 21 22 10 30 25 25 24 22  0 18  0  0  0  0  0  0    
20|     0  0  0  0  0  0  4  0 19 27 26 24 27 23 22 23 22 25 10 26 25 26 21 23  0  7  0  0  0  0  0  0    
19|     0  0  0  0  0  0 11  0 27 23 28 29 31 24 23 22 23 27 10 27 27 27 31 27  0 16  0  0  0  0  0  0    
18|     0  0  0  0 16  2 13  0 22 24 23 24 21 15 21 14 24 26 10 24 26 23 24 27  0  0  0  0  0  0  0  0    
17|     0  0  0  0 16  4 11  0  2 24 29 24 27 25 28 26 19 22 10 31 28 29 22 16  0  0  0  0  0  0  0  0    
16|     0  0  1  3 23  6 17  0 17 22 17 24 23 24 24 28 18 26 10 25 20 26 18 29  0  2  0  0  0  0  0  0    
15|     0  0  0  0  0  2 15  0 17 27 23 23 27 19 25 24 10 30 10 26 24 22 26 19  0  0  0  0  0  0  0  0    
14|     0  0  0  0 15 16 22  0 24 24 24 25 18 27 24 27 16 27 10 29 28 27 28 22  0  0  0  0  0  0  0  0    
13|     0  0  0  1 13 16  4  0 30 22 24 26 26 22 24  9 29 22 10 29 24 24 27 10  0  0  0  0  0  0  0  0    
12|     0  0  0  1  2 18 19  0 21 27 17 23 22 24 20 16 23 24 10 28 29 26 21 27  0  0  0  0  0  0  0  0    
11|     0  0  0  0 19 16  4  0  9  3 19 22 23 24 19 26 24 26 10 26 27 27 31 25  0  0  0  0  0  0  0  0    
10|     0  0  0  0  4 16  0  0  1  7 17 20 21 24 14  9 29 25 10 26 22 29 28 25  0  0  0  0  0  0  0  0    
 9|     0  0  0  0  0  0  0  0  3  2 16 20 22 23  9 18 29 22 10 24 31 26 31 15  0  0  0  0  0  0  0  0    
 8|     0  0  0  0  0  0  0  0 16  8 14  9 19 15  3 24 26 26 10 28 28 26  6  0  0  0  0  0  0  0  0  0    
 7|     0  0  0  0  0  0  0  0 16 23  2  2  0  0  0  0 26 12 10 32 19  4  3  0  0  0  0  0  0  0  0  0    
 6|     0  0  0  0  0  0  0  0  0  3  0  0  0  0  0  3  3  9 10  0  2  0  0  0  0  0  0  0  0  0  0  0    
 5|     0  0  0  0  0  0  0  0  0  0  0  0  0  0  0  0  2  0 10  0  0  0  0  0  0  0  0  0  0  0  0  0    
 4|     1  0  0  0  0  0  0  0  0  0  0  0  0  0  0  0  0  0 10  0  0  0  0  0  0  0  0  0  0  0  0  0    
 3|     0  0  0  0  0  0  0  0  0  0  0  0  0  0  0  0  0  0 10  2  0  0  0  0  0  0  0  0  0  0  0  0    
 2|     0  0  0  0  0  0  0  0  0  0  0  0  0  0  0  0  0  0 10  0  0  0  0  0  0  0  0  0  0  0  0  0    
 1|     0  0  0  0  0  0  0  0  0  0  0  0  0  0  0  0  0 20 10  0  0  0  0  0  0  0  0  0  0  0  0  0    
 0|                                                                                                       

Maximum number of input pins per logic tile: 32
Average number of input pins per logic tile: 17.50

***** Run Time Info *****
Run Time:  2
