* ******************************************************************************

* iCEcube Report

* Version:            2017.08.27940

* Build Date:         Sep 12 2017 08:02:28

* File Generated:     Sep 19 2019 16:11:39

* Purpose:            General info of design implementation

* Copyright (C) 2006-2010 by Lattice Semiconductor Corp. All rights reserved.

* ******************************************************************************

Synthesis/Placement Summary:
----------------------------
    Status:  Successful
    Runtime: 2 seconds

Device Info:
------------
    Device Family: iCE40
    Device:        iCE40LP8K
    Package:       CM81

Design statistics:
------------------
    FFs:                  705
    LUTs:                 2568
    RAMs:                 0
    IOBs:                 19
    GBs:                  0
    PLLs:                 1
    Warm Boots:           0

Logic Resource Utilization:
---------------------------
    Total Logic Cells: 2787/7680
        Combinational Logic Cells: 2082     out of   7680      27.1094%
        Sequential Logic Cells:    705      out of   7680      9.17969%
        Logic Tiles:               475      out of   960       49.4792%
    Registers: 
        Logic Registers:           705      out of   7680      9.17969%
        IO Registers:              0        out of   1280      0
    Block RAMs:                    0        out of   32        0%
    Warm Boots:                    0        out of   1         0%
    Pins:
        Input Pins:                5        out of   63        7.93651%
        Output Pins:               13       out of   63        20.6349%
        InOut Pins:                1        out of   63        1.5873%
    Global Buffers:                0        out of   8         0%
    PLLs:                          1        out of   1         100%

IO Bank Utilization:
--------------------
    Bank 3: 10       out of   18        55.5556%
    Bank 1: 0        out of   15        0%
    Bank 0: 7        out of   17        41.1765%
    Bank 2: 2        out of   13        15.3846%

Detailed I/O Info:
------------------
    Input Pins: 
    Pin Number  Direction  IO Standard  Pull Up  IO Bank  IO Function                   Signal Name
    ----------  ---------  -----------  -------  -------  -----------                   -----------
    B2          Input      SB_LVCMOS    No       3        Simple Input                  CLK     
    D1          Input      SB_LVCMOS    No       3        Simple Input                  PIN_7   
    E2          Input      SB_LVCMOS    No       3        Simple Input                  PIN_8   
    H2          Input      SB_LVCMOS    No       3        Simple Input                  PIN_13  
    J1          Input      SB_LVCMOS    No       2        Simple Input                  PIN_12  

    Output Pins: 
    Pin Number  Direction  IO Standard  Pull Up  IO Bank  IO Function                   Signal Name
    ----------  ---------  -----------  -------  -------  -----------                   -----------
    A1          Output     SB_LVCMOS    No       0        Simple Output                 PIN_2   
    A2          Output     SB_LVCMOS    No       0        Simple Output                 PIN_1   
    A3          Output     SB_LVCMOS    No       0        Simple Output                 USBPU   
    A6          Output     SB_LVCMOS    No       0        Simple Output                 PIN_24  
    A7          Output     SB_LVCMOS    No       0        Simple Output                 PIN_22  
    B1          Output     SB_LVCMOS    No       3        Simple Output                 PIN_3   
    B3          Output     SB_LVCMOS    No       0        Simple Output                 LED     
    B6          Output     SB_LVCMOS    No       0        Simple Output                 PIN_23  
    C1          Output     SB_LVCMOS    Yes      3        No Output                     PIN_5   
    C2          Output     SB_LVCMOS    Yes      3        No Output                     PIN_4   
    D2          Output     SB_LVCMOS    Yes      3        No Output                     PIN_6   
    E1          Output     SB_LVCMOS    No       3        Simple Output                 PIN_9   
    G2          Output     SB_LVCMOS    Yes      3        Output Tristatable by Enable  PIN_10  

    Inoutput Pins: 
    Pin Number  Direction  IO Standard  Pull Up  IO Bank  IO Function                   Signal Name
    ----------  ---------  -----------  -------  -------  -----------                   -----------
    H1          InOut      SB_LVCMOS    Yes      2        Simple Input No Output        PIN_11  

