* ******************************************************************************

* iCEcube Placer

* Version:            2017.08.27940

* Build Date:         Sep 12 2017 08:14:10

* File Generated:     Aug 25 2019 21:31:25

* Purpose:            

* Copyright (C) 2006-2010 by Lattice Semiconductor Corp. All rights reserved.

* ******************************************************************************

Executing : /home/letrend/lscc/iCEcube2.2017.08/sbt_backend/bin/linux/opt/sbtplacer --des-lib /home/letrend/workspace/bldc_motorboard/software/communication/communication_Implmnt/sbt/netlist/oadb-top --outdir /home/letrend/workspace/bldc_motorboard/software/communication/communication_Implmnt/sbt/outputs/placer --device-file /home/letrend/lscc/iCEcube2.2017.08/sbt_backend/devices/ICE40P08.dev --package CM81 --deviceMarketName iCE40LP8K --sdc-file /home/letrend/workspace/bldc_motorboard/software/communication/communication_Implmnt/sbt/Temp/sbt_temp.sdc --lib-file /home/letrend/lscc/iCEcube2.2017.08/sbt_backend/devices/ice40LP8K.lib --effort_level std --out-sdc-file /home/letrend/workspace/bldc_motorboard/software/communication/communication_Implmnt/sbt/outputs/placer/top_pl.sdc
I2004: Option and Settings Summary
=============================================================
Device file          - /home/letrend/lscc/iCEcube2.2017.08/sbt_backend/devices/ICE40P08.dev
Package              - CM81
Design database      - /home/letrend/workspace/bldc_motorboard/software/communication/communication_Implmnt/sbt/netlist/oadb-top
SDC file             - /home/letrend/workspace/bldc_motorboard/software/communication/communication_Implmnt/sbt/Temp/sbt_temp.sdc
Output directory     - /home/letrend/workspace/bldc_motorboard/software/communication/communication_Implmnt/sbt/outputs/placer
Timing library       - /home/letrend/lscc/iCEcube2.2017.08/sbt_backend/devices/ice40LP8K.lib
Effort level         - std

I2050: Starting reading inputs for placer
=============================================================
I2100: Reading design library: /home/letrend/workspace/bldc_motorboard/software/communication/communication_Implmnt/sbt/netlist/oadb-top/BFPGA_DESIGN_ep
I2065: Reading device file : /home/letrend/lscc/iCEcube2.2017.08/sbt_backend/devices/ICE40P08.dev
I2051: Reading of inputs for placer completed successfully

I2053: Starting placement of the design
=============================================================
W2715: Warning for set_io Constraint: Ignoring pin assignment for PIN_10, as it is not connected to any PAD
W2715: Warning for set_io Constraint: Ignoring pin assignment for PIN_11, as it is not connected to any PAD
W2715: Warning for set_io Constraint: Ignoring pin assignment for PIN_12, as it is not connected to any PAD
W2715: Warning for set_io Constraint: Ignoring pin assignment for PIN_13, as it is not connected to any PAD
W2715: Warning for set_io Constraint: Ignoring pin assignment for PIN_14, as it is not connected to any PAD
W2715: Warning for set_io Constraint: Ignoring pin assignment for PIN_15, as it is not connected to any PAD
W2715: Warning for set_io Constraint: Ignoring pin assignment for PIN_16, as it is not connected to any PAD
W2715: Warning for set_io Constraint: Ignoring pin assignment for PIN_17, as it is not connected to any PAD
W2715: Warning for set_io Constraint: Ignoring pin assignment for PIN_18, as it is not connected to any PAD
W2715: Warning for set_io Constraint: Ignoring pin assignment for PIN_19, as it is not connected to any PAD
W2715: Warning for set_io Constraint: Ignoring pin assignment for PIN_20, as it is not connected to any PAD
W2715: Warning for set_io Constraint: Ignoring pin assignment for PIN_21, as it is not connected to any PAD
W2715: Warning for set_io Constraint: Ignoring pin assignment for PIN_22, as it is not connected to any PAD
W2715: Warning for set_io Constraint: Ignoring pin assignment for PIN_23, as it is not connected to any PAD
W2715: Warning for set_io Constraint: Ignoring pin assignment for PIN_24, as it is not connected to any PAD
W2715: Warning for set_io Constraint: Ignoring pin assignment for PIN_4, as it is not connected to any PAD
W2715: Warning for set_io Constraint: Ignoring pin assignment for PIN_5, as it is not connected to any PAD
W2715: Warning for set_io Constraint: Ignoring pin assignment for PIN_6, as it is not connected to any PAD
W2715: Warning for set_io Constraint: Ignoring pin assignment for PIN_7, as it is not connected to any PAD
W2715: Warning for set_io Constraint: Ignoring pin assignment for PIN_8, as it is not connected to any PAD
W2715: Warning for set_io Constraint: Ignoring pin assignment for PIN_9, as it is not connected to any PAD

Input Design Statistics
    Number of LUTs      	:	463
    Number of DFFs      	:	318
    Number of DFFs packed to IO	:	0
    Number of Carrys    	:	62
    Number of RAMs      	:	0
    Number of ROMs      	:	0
    Number of IOs       	:	5
    Number of GBIOs     	:	1
    Number of GBs       	:	3
    Number of WarmBoot  	:	0
    Number of PLLs      	:	0


Phase 1
I2077: Start design legalization
W2216: SB_GB_IO 'CLK_ibuf_gb_io' is assigned to a non-GB pin 'B2'. Replacing it with SB_IO 'CLK_ibuf_gb_io' and SB_GB 'CLK_ibuf_gb_io_gb'

Design Legalization Statistics
    Number of feedthru LUTs inserted to legalize input of DFFs     	:	183
    Number of feedthru LUTs inserted for LUTs driving multiple DFFs	:	0
    Number of LUTs replicated for LUTs driving multiple DFFs       	:	7
    Number of feedthru LUTs inserted to legalize output of CARRYs  	:	3
    Number of feedthru LUTs inserted to legalize global signals    	:	0
    Number of feedthru CARRYs inserted to legalize input of CARRYs 	:	0
    Number of inserted LUTs to Legalize IOs with PIN_TYPE= 01xxxx  	:	0
    Number of inserted LUTs to Legalize IOs with PIN_TYPE= 10xxxx  	:	0
    Number of inserted LUTs to Legalize IOs with PIN_TYPE= 11xxxx  	:	0
    Total LUTs inserted                                            	:	193
    Total CARRYs inserted                                          	:	0


I2078: Design legalization is completed successfully
I2088: Phase 1, elapsed time : 0.0 (sec)


Phase 2
I2088: Phase 2, elapsed time : 0.0 (sec)

Phase 3
SDC-Info-1101: Duty cycle not specified for clock. Assuming 50 percent dutycycle.
Warning-1034: Found non-unate timing arc, from pin "PACKAGEPIN" to pin "DIN0" of instance "CLK_ibuf_gb_io", in the clock network. Converting the timing arc to positive-unate

Design Statistics after Packing
    Number of LUTs      	:	657
    Number of DFFs      	:	318
    Number of DFFs packed to IO	:	0
    Number of Carrys    	:	62

Device Utilization Summary after Packing
    Sequential LogicCells
        LUT and DFF      	:	278
        LUT, DFF and CARRY	:	40
    Combinational LogicCells
        Only LUT         	:	327
        CARRY Only       	:	10
        LUT with CARRY   	:	12
    LogicCells                  :	667/7680
    PLBs                        :	93/960
    BRAMs                       :	0/32
    IOs and GBIOs               :	6/63
    PLLs                        :	0/1


I2088: Phase 3, elapsed time : 0.5 (sec)

Phase 4
I2088: Phase 4, elapsed time : 0.1 (sec)

Phase 5
I2088: Phase 5, elapsed time : 1.0 (sec)

Phase 6
I2088: Phase 6, elapsed time : 25.4 (sec)

Final Design Statistics
    Number of LUTs      	:	657
    Number of DFFs      	:	318
    Number of DFFs packed to IO	:	0
    Number of Carrys    	:	62
    Number of RAMs      	:	0
    Number of ROMs      	:	0
    Number of IOs       	:	6
    Number of GBIOs     	:	0
    Number of GBs       	:	4
    Number of WarmBoot  	:	0
    Number of PLLs      	:	0

Device Utilization Summary
    LogicCells                  :	667/7680
    PLBs                        :	136/960
    BRAMs                       :	0/32
    IOs and GBIOs               :	6/63
    PLLs                        :	0/1



#####################################################################
Placement Timing Summary

The timing summary is based on estimated routing delays after
placement. For final timing report, please carry out the timing
analysis after routing.
=====================================================================

#####################################################################
                     Clock Summary 
=====================================================================
Number of clocks: 2
Clock: CLK | Frequency: 83.84 MHz | Target: 16.00 MHz
Clock: top|CLK | Frequency: N/A | Target: 63.73 MHz

=====================================================================
                     End of Clock Summary
#####################################################################

I2054: Placement of design completed successfully

I2076: Placer run-time: 27.4 sec.

